[2024-10-03T07:46:02.573+0000] {local_task_job_runner.py:123} INFO - ::group::Pre task execution logs
[2024-10-03T07:46:02.604+0000] {taskinstance.py:2612} INFO - Dependencies all met for dep_context=non-requeueable deps ti=<TaskInstance: etl_pipeline.warehouse.step_1.extract_transform.categories scheduled__2024-10-02T00:00:00+00:00 [queued]>
[2024-10-03T07:46:02.621+0000] {taskinstance.py:2612} INFO - Dependencies all met for dep_context=requeueable deps ti=<TaskInstance: etl_pipeline.warehouse.step_1.extract_transform.categories scheduled__2024-10-02T00:00:00+00:00 [queued]>
[2024-10-03T07:46:02.621+0000] {taskinstance.py:2865} INFO - Starting attempt 35 of 35
[2024-10-03T07:46:02.641+0000] {taskinstance.py:2888} INFO - Executing <Task(SparkSubmitOperator): warehouse.step_1.extract_transform.categories> on 2024-10-02 00:00:00+00:00
[2024-10-03T07:46:02.655+0000] {logging_mixin.py:190} WARNING - /home/***/.local/lib/python3.12/site-packages/***/task/task_runner/standard_task_runner.py:70 DeprecationWarning: This process (pid=33091) is multi-threaded, use of fork() may lead to deadlocks in the child.
[2024-10-03T07:46:02.657+0000] {standard_task_runner.py:72} INFO - Started process 33093 to run task
[2024-10-03T07:46:02.655+0000] {standard_task_runner.py:104} INFO - Running: ['***', 'tasks', 'run', 'etl_pipeline', 'warehouse.step_1.extract_transform.categories', 'scheduled__2024-10-02T00:00:00+00:00', '--job-id', '13575', '--raw', '--subdir', 'DAGS_FOLDER/etl_pipeline/run.py', '--cfg-path', '/tmp/tmpf5scyn11']
[2024-10-03T07:46:02.659+0000] {standard_task_runner.py:105} INFO - Job 13575: Subtask warehouse.step_1.extract_transform.categories
[2024-10-03T07:46:02.745+0000] {task_command.py:467} INFO - Running <TaskInstance: etl_pipeline.warehouse.step_1.extract_transform.categories scheduled__2024-10-02T00:00:00+00:00 [running]> on host 8c0d519f07a3
[2024-10-03T07:46:02.907+0000] {taskinstance.py:3131} INFO - Exporting env vars: AIRFLOW_CTX_DAG_OWNER='***' AIRFLOW_CTX_DAG_ID='etl_pipeline' AIRFLOW_CTX_TASK_ID='warehouse.step_1.extract_transform.categories' AIRFLOW_CTX_EXECUTION_DATE='2024-10-02T00:00:00+00:00' AIRFLOW_CTX_TRY_NUMBER='35' AIRFLOW_CTX_DAG_RUN_ID='scheduled__2024-10-02T00:00:00+00:00'
[2024-10-03T07:46:02.909+0000] {taskinstance.py:731} INFO - ::endgroup::
[2024-10-03T07:46:02.932+0000] {base.py:84} INFO - Retrieving connection 'spark-conn'
[2024-10-03T07:46:02.935+0000] {spark_submit.py:335} INFO - Spark-Submit cmd: spark-submit --master spark://spark-master:7077 --name arrow-spark dags/etl_pipeline/tasks/warehouse/components/extract_transform.py categories True 2024-10-02
[2024-10-03T07:46:02.999+0000] {spark_submit.py:488} INFO - /home/***/.local/lib/python3.12/site-packages/pyspark/bin/load-spark-env.sh: line 68: ps: command not found
[2024-10-03T07:46:11.025+0000] {spark_submit.py:488} INFO - 24/10/03 07:46:11 INFO SparkContext: Running Spark version 3.5.3
[2024-10-03T07:46:11.028+0000] {spark_submit.py:488} INFO - 24/10/03 07:46:11 INFO SparkContext: OS info Linux, 5.15.153.1-microsoft-standard-WSL2, amd64
[2024-10-03T07:46:11.029+0000] {spark_submit.py:488} INFO - 24/10/03 07:46:11 INFO SparkContext: Java version 17.0.12
[2024-10-03T07:46:11.119+0000] {spark_submit.py:488} INFO - 24/10/03 07:46:11 WARN NativeCodeLoader: Unable to load native-hadoop library for your platform... using builtin-java classes where applicable
[2024-10-03T07:46:11.290+0000] {spark_submit.py:488} INFO - 24/10/03 07:46:11 INFO ResourceUtils: ==============================================================
[2024-10-03T07:46:11.291+0000] {spark_submit.py:488} INFO - 24/10/03 07:46:11 INFO ResourceUtils: No custom resources configured for spark.driver.
[2024-10-03T07:46:11.292+0000] {spark_submit.py:488} INFO - 24/10/03 07:46:11 INFO ResourceUtils: ==============================================================
[2024-10-03T07:46:11.294+0000] {spark_submit.py:488} INFO - 24/10/03 07:46:11 INFO SparkContext: Submitted application: Extract Transform - categories
[2024-10-03T07:46:11.337+0000] {spark_submit.py:488} INFO - 24/10/03 07:46:11 INFO ResourceProfile: Default ResourceProfile created, executor resources: Map(memory -> name: memory, amount: 1024, script: , vendor: , offHeap -> name: offHeap, amount: 0, script: , vendor: ), task resources: Map(cpus -> name: cpus, amount: 1.0)
[2024-10-03T07:46:11.353+0000] {spark_submit.py:488} INFO - 24/10/03 07:46:11 INFO ResourceProfile: Limiting resource is cpu
[2024-10-03T07:46:11.354+0000] {spark_submit.py:488} INFO - 24/10/03 07:46:11 INFO ResourceProfileManager: Added ResourceProfile id: 0
[2024-10-03T07:46:11.444+0000] {spark_submit.py:488} INFO - 24/10/03 07:46:11 INFO SecurityManager: Changing view acls to: ***
[2024-10-03T07:46:11.447+0000] {spark_submit.py:488} INFO - 24/10/03 07:46:11 INFO SecurityManager: Changing modify acls to: ***
[2024-10-03T07:46:11.449+0000] {spark_submit.py:488} INFO - 24/10/03 07:46:11 INFO SecurityManager: Changing view acls groups to:
[2024-10-03T07:46:11.451+0000] {spark_submit.py:488} INFO - 24/10/03 07:46:11 INFO SecurityManager: Changing modify acls groups to:
[2024-10-03T07:46:11.452+0000] {spark_submit.py:488} INFO - 24/10/03 07:46:11 INFO SecurityManager: SecurityManager: authentication disabled; ui acls disabled; users with view permissions: ***; groups with view permissions: EMPTY; users with modify permissions: ***; groups with modify permissions: EMPTY
[2024-10-03T07:46:11.840+0000] {spark_submit.py:488} INFO - 24/10/03 07:46:11 INFO Utils: Successfully started service 'sparkDriver' on port 45435.
[2024-10-03T07:46:11.884+0000] {spark_submit.py:488} INFO - 24/10/03 07:46:11 INFO SparkEnv: Registering MapOutputTracker
[2024-10-03T07:46:11.939+0000] {spark_submit.py:488} INFO - 24/10/03 07:46:11 INFO SparkEnv: Registering BlockManagerMaster
[2024-10-03T07:46:11.964+0000] {spark_submit.py:488} INFO - 24/10/03 07:46:11 INFO BlockManagerMasterEndpoint: Using org.apache.spark.storage.DefaultTopologyMapper for getting topology information
[2024-10-03T07:46:11.966+0000] {spark_submit.py:488} INFO - 24/10/03 07:46:11 INFO BlockManagerMasterEndpoint: BlockManagerMasterEndpoint up
[2024-10-03T07:46:11.973+0000] {spark_submit.py:488} INFO - 24/10/03 07:46:11 INFO SparkEnv: Registering BlockManagerMasterHeartbeat
[2024-10-03T07:46:12.005+0000] {spark_submit.py:488} INFO - 24/10/03 07:46:12 INFO DiskBlockManager: Created local directory at /tmp/blockmgr-d18212da-dedf-4781-a0c8-6c4f6d7ec93d
[2024-10-03T07:46:12.036+0000] {spark_submit.py:488} INFO - 24/10/03 07:46:12 INFO MemoryStore: MemoryStore started with capacity 434.4 MiB
[2024-10-03T07:46:12.064+0000] {spark_submit.py:488} INFO - 24/10/03 07:46:12 INFO SparkEnv: Registering OutputCommitCoordinator
[2024-10-03T07:46:12.287+0000] {spark_submit.py:488} INFO - 24/10/03 07:46:12 INFO JettyUtils: Start Jetty 0.0.0.0:4040 for SparkUI
[2024-10-03T07:46:12.372+0000] {spark_submit.py:488} INFO - 24/10/03 07:46:12 INFO Utils: Successfully started service 'SparkUI' on port 4040.
[2024-10-03T07:46:12.592+0000] {spark_submit.py:488} INFO - 24/10/03 07:46:12 INFO StandaloneAppClient$ClientEndpoint: Connecting to master spark://spark-master:7077...
[2024-10-03T07:46:12.658+0000] {spark_submit.py:488} INFO - 24/10/03 07:46:12 INFO TransportClientFactory: Successfully created connection to spark-master/172.20.0.2:7077 after 36 ms (0 ms spent in bootstraps)
[2024-10-03T07:46:12.810+0000] {spark_submit.py:488} INFO - 24/10/03 07:46:12 INFO StandaloneSchedulerBackend: Connected to Spark cluster with app ID app-20241003074612-0031
[2024-10-03T07:46:12.819+0000] {spark_submit.py:488} INFO - 24/10/03 07:46:12 INFO StandaloneAppClient$ClientEndpoint: Executor added: app-20241003074612-0031/0 on worker-20241003061731-172.20.0.9-38803 (172.20.0.9:38803) with 2 core(s)
[2024-10-03T07:46:12.823+0000] {spark_submit.py:488} INFO - 24/10/03 07:46:12 INFO StandaloneSchedulerBackend: Granted executor ID app-20241003074612-0031/0 on hostPort 172.20.0.9:38803 with 2 core(s), 1024.0 MiB RAM
[2024-10-03T07:46:12.830+0000] {spark_submit.py:488} INFO - 24/10/03 07:46:12 INFO Utils: Successfully started service 'org.apache.spark.network.netty.NettyBlockTransferService' on port 39063.
[2024-10-03T07:46:12.831+0000] {spark_submit.py:488} INFO - 24/10/03 07:46:12 INFO NettyBlockTransferService: Server created on 8c0d519f07a3:39063
[2024-10-03T07:46:12.834+0000] {spark_submit.py:488} INFO - 24/10/03 07:46:12 INFO BlockManager: Using org.apache.spark.storage.RandomBlockReplicationPolicy for block replication policy
[2024-10-03T07:46:12.843+0000] {spark_submit.py:488} INFO - 24/10/03 07:46:12 INFO BlockManagerMaster: Registering BlockManager BlockManagerId(driver, 8c0d519f07a3, 39063, None)
[2024-10-03T07:46:12.850+0000] {spark_submit.py:488} INFO - 24/10/03 07:46:12 INFO BlockManagerMasterEndpoint: Registering block manager 8c0d519f07a3:39063 with 434.4 MiB RAM, BlockManagerId(driver, 8c0d519f07a3, 39063, None)
[2024-10-03T07:46:12.853+0000] {spark_submit.py:488} INFO - 24/10/03 07:46:12 INFO BlockManagerMaster: Registered BlockManager BlockManagerId(driver, 8c0d519f07a3, 39063, None)
[2024-10-03T07:46:12.856+0000] {spark_submit.py:488} INFO - 24/10/03 07:46:12 INFO BlockManager: Initialized BlockManager: BlockManagerId(driver, 8c0d519f07a3, 39063, None)
[2024-10-03T07:46:12.897+0000] {spark_submit.py:488} INFO - 24/10/03 07:46:12 INFO StandaloneAppClient$ClientEndpoint: Executor updated: app-20241003074612-0031/0 is now RUNNING
[2024-10-03T07:46:13.554+0000] {spark_submit.py:488} INFO - 24/10/03 07:46:13 INFO StandaloneSchedulerBackend: SchedulerBackend is ready for scheduling beginning after reached minRegisteredResourcesRatio: 0.0
[2024-10-03T07:46:15.588+0000] {spark_submit.py:488} INFO - [2024-10-03T07:46:15.586+0000] {base.py:84} INFO - Retrieving connection 'staging_db'
[2024-10-03T07:46:15.607+0000] {spark_submit.py:488} INFO - 24/10/03 07:46:15 INFO SparkContext: SparkContext is stopping with exitCode 0.
[2024-10-03T07:46:15.631+0000] {spark_submit.py:488} INFO - 24/10/03 07:46:15 INFO SparkUI: Stopped Spark web UI at http://8c0d519f07a3:4040
[2024-10-03T07:46:15.640+0000] {spark_submit.py:488} INFO - 24/10/03 07:46:15 INFO StandaloneSchedulerBackend: Shutting down all executors
[2024-10-03T07:46:15.647+0000] {spark_submit.py:488} INFO - 24/10/03 07:46:15 INFO StandaloneSchedulerBackend$StandaloneDriverEndpoint: Asking each executor to shut down
[2024-10-03T07:46:15.686+0000] {spark_submit.py:488} INFO - 24/10/03 07:46:15 INFO MapOutputTrackerMasterEndpoint: MapOutputTrackerMasterEndpoint stopped!
[2024-10-03T07:46:15.717+0000] {spark_submit.py:488} INFO - 24/10/03 07:46:15 INFO MemoryStore: MemoryStore cleared
[2024-10-03T07:46:15.718+0000] {spark_submit.py:488} INFO - 24/10/03 07:46:15 INFO BlockManager: BlockManager stopped
[2024-10-03T07:46:15.727+0000] {spark_submit.py:488} INFO - 24/10/03 07:46:15 INFO BlockManagerMaster: BlockManagerMaster stopped
[2024-10-03T07:46:15.732+0000] {spark_submit.py:488} INFO - 24/10/03 07:46:15 INFO OutputCommitCoordinator$OutputCommitCoordinatorEndpoint: OutputCommitCoordinator stopped!
[2024-10-03T07:46:15.753+0000] {spark_submit.py:488} INFO - 24/10/03 07:46:15 INFO SparkContext: Successfully stopped SparkContext
[2024-10-03T07:46:16.191+0000] {spark_submit.py:488} INFO - categories doesn't have new data. Skipped...
[2024-10-03T07:46:16.193+0000] {spark_submit.py:488} INFO - [2024-10-03T07:46:16.192+0000] {clientserver.py:543} INFO - Closing down clientserver connection
[2024-10-03T07:46:17.017+0000] {spark_submit.py:488} INFO - 24/10/03 07:46:17 INFO ShutdownHookManager: Shutdown hook called
[2024-10-03T07:46:17.018+0000] {spark_submit.py:488} INFO - 24/10/03 07:46:17 INFO ShutdownHookManager: Deleting directory /tmp/spark-377bfaab-e0d0-4d10-b0d3-133b7473c3e3
[2024-10-03T07:46:17.022+0000] {spark_submit.py:488} INFO - 24/10/03 07:46:17 INFO ShutdownHookManager: Deleting directory /tmp/spark-3df68105-bb4f-4115-8418-0f6c20235e45/pyspark-9533fa84-9f4a-4909-ae82-67cd53cc7ac1
[2024-10-03T07:46:17.027+0000] {spark_submit.py:488} INFO - 24/10/03 07:46:17 INFO ShutdownHookManager: Deleting directory /tmp/spark-3df68105-bb4f-4115-8418-0f6c20235e45
[2024-10-03T07:46:17.078+0000] {taskinstance.py:3310} ERROR - Task failed with exception
Traceback (most recent call last):
  File "/home/airflow/.local/lib/python3.12/site-packages/airflow/models/taskinstance.py", line 767, in _execute_task
    result = _execute_callable(context=context, **execute_callable_kwargs)
             ^^^^^^^^^^^^^^^^^^^^^^^^^^^^^^^^^^^^^^^^^^^^^^^^^^^^^^^^^^^^^
  File "/home/airflow/.local/lib/python3.12/site-packages/airflow/models/taskinstance.py", line 733, in _execute_callable
    return ExecutionCallableRunner(
           ^^^^^^^^^^^^^^^^^^^^^^^^
  File "/home/airflow/.local/lib/python3.12/site-packages/airflow/utils/operator_helpers.py", line 252, in run
    return self.func(*args, **kwargs)
           ^^^^^^^^^^^^^^^^^^^^^^^^^^
  File "/home/airflow/.local/lib/python3.12/site-packages/airflow/models/baseoperator.py", line 406, in wrapper
    return func(self, *args, **kwargs)
           ^^^^^^^^^^^^^^^^^^^^^^^^^^^
  File "/home/airflow/.local/lib/python3.12/site-packages/airflow/providers/apache/spark/operators/spark_submit.py", line 157, in execute
    self._hook.submit(self._application)
  File "/home/airflow/.local/lib/python3.12/site-packages/airflow/providers/apache/spark/hooks/spark_submit.py", line 419, in submit
    raise AirflowException(
airflow.exceptions.AirflowException: Cannot execute: spark-submit --master spark://spark-master:7077 --name arrow-spark dags/etl_pipeline/tasks/warehouse/components/extract_transform.py categories True 2024-10-02. Error code is: 99.
[2024-10-03T07:46:17.085+0000] {taskinstance.py:1225} INFO - Marking task as FAILED. dag_id=etl_pipeline, task_id=warehouse.step_1.extract_transform.categories, run_id=scheduled__2024-10-02T00:00:00+00:00, execution_date=20241002T000000, start_date=20241003T074602, end_date=20241003T074617
[2024-10-03T07:46:17.085+0000] {taskinstance.py:1563} INFO - Executing callback at index 0: handle_failure
[2024-10-03T07:46:17.085+0000] {taskinstance.py:1567} ERROR - Error in callback at index 0: handle_failure
Traceback (most recent call last):
  File "/home/airflow/.local/lib/python3.12/site-packages/airflow/models/taskinstance.py", line 273, in _run_raw_task
    TaskInstance._execute_task_with_callbacks(
  File "/home/airflow/.local/lib/python3.12/site-packages/airflow/models/taskinstance.py", line 3158, in _execute_task_with_callbacks
    result = self._execute_task(context, task_orig)
             ^^^^^^^^^^^^^^^^^^^^^^^^^^^^^^^^^^^^^^
  File "/home/airflow/.local/lib/python3.12/site-packages/airflow/models/taskinstance.py", line 3182, in _execute_task
    return _execute_task(self, context, task_orig)
           ^^^^^^^^^^^^^^^^^^^^^^^^^^^^^^^^^^^^^^^
  File "/home/airflow/.local/lib/python3.12/site-packages/airflow/models/taskinstance.py", line 767, in _execute_task
    result = _execute_callable(context=context, **execute_callable_kwargs)
             ^^^^^^^^^^^^^^^^^^^^^^^^^^^^^^^^^^^^^^^^^^^^^^^^^^^^^^^^^^^^^
  File "/home/airflow/.local/lib/python3.12/site-packages/airflow/models/taskinstance.py", line 733, in _execute_callable
    return ExecutionCallableRunner(
           ^^^^^^^^^^^^^^^^^^^^^^^^
  File "/home/airflow/.local/lib/python3.12/site-packages/airflow/utils/operator_helpers.py", line 252, in run
    return self.func(*args, **kwargs)
           ^^^^^^^^^^^^^^^^^^^^^^^^^^
  File "/home/airflow/.local/lib/python3.12/site-packages/airflow/models/baseoperator.py", line 406, in wrapper
    return func(self, *args, **kwargs)
           ^^^^^^^^^^^^^^^^^^^^^^^^^^^
  File "/home/airflow/.local/lib/python3.12/site-packages/airflow/providers/apache/spark/operators/spark_submit.py", line 157, in execute
    self._hook.submit(self._application)
  File "/home/airflow/.local/lib/python3.12/site-packages/airflow/providers/apache/spark/hooks/spark_submit.py", line 419, in submit
    raise AirflowException(
airflow.exceptions.AirflowException: Cannot execute: spark-submit --master spark://spark-master:7077 --name arrow-spark dags/etl_pipeline/tasks/warehouse/components/extract_transform.py categories True 2024-10-02. Error code is: 99.

During handling of the above exception, another exception occurred:

Traceback (most recent call last):
  File "/home/airflow/.local/lib/python3.12/site-packages/airflow/models/taskinstance.py", line 1565, in _run_finished_callback
    callback(context)
  File "/opt/airflow/dags/etl_pipeline/tasks/warehouse/main.py", line 15, in handle_failure
    if task_instance.exit_code == 99:
       ^^^^^^^^^^^^^^^^^^^^^^^
AttributeError: 'TaskInstance' object has no attribute 'exit_code'
[2024-10-03T07:46:17.111+0000] {taskinstance.py:340} INFO - ::group::Post task execution logs
[2024-10-03T07:46:17.112+0000] {standard_task_runner.py:124} ERROR - Failed to execute job 13575 for task warehouse.step_1.extract_transform.categories (Cannot execute: spark-submit --master spark://spark-master:7077 --name arrow-spark dags/etl_pipeline/tasks/warehouse/components/extract_transform.py categories True 2024-10-02. Error code is: 99.; 33093)
Traceback (most recent call last):
  File "/home/airflow/.local/lib/python3.12/site-packages/airflow/task/task_runner/standard_task_runner.py", line 117, in _start_by_fork
    ret = args.func(args, dag=self.dag)
          ^^^^^^^^^^^^^^^^^^^^^^^^^^^^^
  File "/home/airflow/.local/lib/python3.12/site-packages/airflow/cli/cli_config.py", line 49, in command
    return func(*args, **kwargs)
           ^^^^^^^^^^^^^^^^^^^^^
  File "/home/airflow/.local/lib/python3.12/site-packages/airflow/utils/cli.py", line 115, in wrapper
    return f(*args, **kwargs)
           ^^^^^^^^^^^^^^^^^^
  File "/home/airflow/.local/lib/python3.12/site-packages/airflow/cli/commands/task_command.py", line 483, in task_run
    task_return_code = _run_task_by_selected_method(args, _dag, ti)
                       ^^^^^^^^^^^^^^^^^^^^^^^^^^^^^^^^^^^^^^^^^^^^
  File "/home/airflow/.local/lib/python3.12/site-packages/airflow/cli/commands/task_command.py", line 256, in _run_task_by_selected_method
    return _run_raw_task(args, ti)
           ^^^^^^^^^^^^^^^^^^^^^^^
  File "/home/airflow/.local/lib/python3.12/site-packages/airflow/cli/commands/task_command.py", line 341, in _run_raw_task
    return ti._run_raw_task(
           ^^^^^^^^^^^^^^^^^
  File "/home/airflow/.local/lib/python3.12/site-packages/airflow/utils/session.py", line 97, in wrapper
    return func(*args, session=session, **kwargs)
           ^^^^^^^^^^^^^^^^^^^^^^^^^^^^^^^^^^^^^^
  File "/home/airflow/.local/lib/python3.12/site-packages/airflow/models/taskinstance.py", line 3004, in _run_raw_task
    return _run_raw_task(
           ^^^^^^^^^^^^^^
  File "/home/airflow/.local/lib/python3.12/site-packages/airflow/models/taskinstance.py", line 273, in _run_raw_task
    TaskInstance._execute_task_with_callbacks(
  File "/home/airflow/.local/lib/python3.12/site-packages/airflow/models/taskinstance.py", line 3158, in _execute_task_with_callbacks
    result = self._execute_task(context, task_orig)
             ^^^^^^^^^^^^^^^^^^^^^^^^^^^^^^^^^^^^^^
  File "/home/airflow/.local/lib/python3.12/site-packages/airflow/models/taskinstance.py", line 3182, in _execute_task
    return _execute_task(self, context, task_orig)
           ^^^^^^^^^^^^^^^^^^^^^^^^^^^^^^^^^^^^^^^
  File "/home/airflow/.local/lib/python3.12/site-packages/airflow/models/taskinstance.py", line 767, in _execute_task
    result = _execute_callable(context=context, **execute_callable_kwargs)
             ^^^^^^^^^^^^^^^^^^^^^^^^^^^^^^^^^^^^^^^^^^^^^^^^^^^^^^^^^^^^^
  File "/home/airflow/.local/lib/python3.12/site-packages/airflow/models/taskinstance.py", line 733, in _execute_callable
    return ExecutionCallableRunner(
           ^^^^^^^^^^^^^^^^^^^^^^^^
  File "/home/airflow/.local/lib/python3.12/site-packages/airflow/utils/operator_helpers.py", line 252, in run
    return self.func(*args, **kwargs)
           ^^^^^^^^^^^^^^^^^^^^^^^^^^
  File "/home/airflow/.local/lib/python3.12/site-packages/airflow/models/baseoperator.py", line 406, in wrapper
    return func(self, *args, **kwargs)
           ^^^^^^^^^^^^^^^^^^^^^^^^^^^
  File "/home/airflow/.local/lib/python3.12/site-packages/airflow/providers/apache/spark/operators/spark_submit.py", line 157, in execute
    self._hook.submit(self._application)
  File "/home/airflow/.local/lib/python3.12/site-packages/airflow/providers/apache/spark/hooks/spark_submit.py", line 419, in submit
    raise AirflowException(
airflow.exceptions.AirflowException: Cannot execute: spark-submit --master spark://spark-master:7077 --name arrow-spark dags/etl_pipeline/tasks/warehouse/components/extract_transform.py categories True 2024-10-02. Error code is: 99.
[2024-10-03T07:46:17.140+0000] {local_task_job_runner.py:266} INFO - Task exited with return code 1
[2024-10-03T07:46:17.167+0000] {taskinstance.py:3900} INFO - 0 downstream tasks scheduled from follow-on schedule check
[2024-10-03T07:46:17.171+0000] {local_task_job_runner.py:245} INFO - ::endgroup::
